# JRE version: OpenJDK Runtime Environment (11.0.10) (build 11.0.10+0-b96-7249189)
# Java VM: OpenJDK 64-Bit Server VM (11.0.10+0-b96-7249189, mixed mode, tiered, compressed oops, g1 gc, linux-amd64)
Heap:
 garbage-first heap   total 264192K, used 227830K [0x0000000080000000, 0x0000000100000000)
  region size 1024K, 114 young (116736K), 6 survivors (6144K)
 Metaspace       used 111505K, capacity 114189K, committed 114388K, reserved 1148928K
  class space    used 14008K, capacity 14992K, committed 15104K, reserved 1048576K
GC Heap History (20 events):
Event: 171.939 GC heap after
{Heap after GC invocations=52 (full 0):
 garbage-first heap   total 264192K, used 107964K [0x0000000080000000, 0x0000000100000000)
  region size 1024K, 11 young (11264K), 11 survivors (11264K)
 Metaspace       used 103607K, capacity 106253K, committed 106452K, reserved 1142784K
  class space    used 13076K, capacity 13971K, committed 14080K, reserved 1048576K
}
Event: 176.378 GC heap before
{Heap before GC invocations=53 (full 0):
 garbage-first heap   total 264192K, used 215484K [0x0000000080000000, 0x0000000100000000)
  region size 1024K, 117 young (119808K), 11 survivors (11264K)
 Metaspace       used 103858K, capacity 106329K, committed 106708K, reserved 1142784K
  class space    used 13070K, capacity 13939K, committed 14080K, reserved 1048576K
}
Event: 176.404 GC heap after
{Heap after GC invocations=54 (full 0):
 garbage-first heap   total 264192K, used 109927K [0x0000000080000000, 0x0000000100000000)
  region size 1024K, 7 young (7168K), 7 survivors (7168K)
 Metaspace       used 103858K, capacity 106329K, committed 106708K, reserved 1142784K
  class space    used 13070K, capacity 13939K, committed 14080K, reserved 1048576K
}
Event: 181.342 GC heap before
{Heap before GC invocations=54 (full 0):
 garbage-first heap   total 264192K, used 224615K [0x0000000080000000, 0x0000000100000000)
  region size 1024K, 113 young (115712K), 7 survivors (7168K)
 Metaspace       used 104613K, capacity 107142K, committed 107476K, reserved 1142784K
  class space    used 13133K, capacity 14012K, committed 14080K, reserved 1048576K
}
Event: 181.367 GC heap after
{Heap after GC invocations=55 (full 0):
 garbage-first heap   total 264192K, used 115113K [0x0000000080000000, 0x0000000100000000)
  region size 1024K, 11 young (11264K), 11 survivors (11264K)
 Metaspace       used 104613K, capacity 107142K, committed 107476K, reserved 1142784K
  class space    used 13133K, capacity 14012K, committed 14080K, reserved 1048576K
}
Event: 182.119 GC heap before
{Heap before GC invocations=55 (full 0):
 garbage-first heap   total 264192K, used 219561K [0x0000000080000000, 0x0000000100000000)
  region size 1024K, 114 young (116736K), 11 survivors (11264K)
 Metaspace       used 104701K, capacity 107206K, committed 107476K, reserved 1142784K
  class space    used 13137K, capacity 14012K, committed 14080K, reserved 1048576K
}
Event: 182.143 GC heap after
{Heap after GC invocations=56 (full 0):
 garbage-first heap   total 264192K, used 115041K [0x0000000080000000, 0x0000000100000000)
  region size 1024K, 7 young (7168K), 7 survivors (7168K)
 Metaspace       used 104701K, capacity 107206K, committed 107476K, reserved 1142784K
  class space    used 13137K, capacity 14012K, committed 14080K, reserved 1048576K
}
Event: 183.012 GC heap before
{Heap before GC invocations=56 (full 0):
 garbage-first heap   total 264192K, used 224609K [0x0000000080000000, 0x0000000100000000)
  region size 1024K, 113 young (115712K), 7 survivors (7168K)
 Metaspace       used 104744K, capacity 107270K, committed 107476K, reserved 1142784K
  class space    used 13137K, capacity 14012K, committed 14080K, reserved 1048576K
}
Event: 183.020 GC heap after
{Heap after GC invocations=57 (full 0):
 garbage-first heap   total 264192K, used 114482K [0x0000000080000000, 0x0000000100000000)
  region size 1024K, 6 young (6144K), 6 survivors (6144K)
 Metaspace       used 104744K, capacity 107270K, committed 107476K, reserved 1142784K
  class space    used 13137K, capacity 14012K, committed 14080K, reserved 1048576K
}
Event: 189.904 GC heap before
{Heap before GC invocations=57 (full 0):
 garbage-first heap   total 264192K, used 223026K [0x0000000080000000, 0x0000000100000000)
  region size 1024K, 113 young (115712K), 6 survivors (6144K)
 Metaspace       used 105192K, capacity 107703K, committed 107988K, reserved 1142784K
  class space    used 13172K, capacity 14021K, committed 14080K, reserved 1048576K
}
Event: 189.920 GC heap after
{Heap after GC invocations=58 (full 0):
 garbage-first heap   total 264192K, used 112510K [0x0000000080000000, 0x0000000100000000)
  region size 1024K, 5 young (5120K), 5 survivors (5120K)
 Metaspace       used 105192K, capacity 107703K, committed 107988K, reserved 1142784K
  class space    used 13172K, capacity 14021K, committed 14080K, reserved 1048576K
}
Event: 192.384 GC heap before
{Heap before GC invocations=58 (full 0):
 garbage-first heap   total 264192K, used 224126K [0x0000000080000000, 0x0000000100000000)
  region size 1024K, 113 young (115712K), 5 survivors (5120K)
 Metaspace       used 105541K, capacity 108114K, committed 108372K, reserved 1142784K
  class space    used 13201K, capacity 14130K, committed 14208K, reserved 1048576K
}
Event: 192.395 GC heap after
{Heap after GC invocations=59 (full 0):
 garbage-first heap   total 264192K, used 114262K [0x0000000080000000, 0x0000000100000000)
  region size 1024K, 5 young (5120K), 5 survivors (5120K)
 Metaspace       used 105541K, capacity 108114K, committed 108372K, reserved 1142784K
  class space    used 13201K, capacity 14130K, committed 14208K, reserved 1048576K
}
Event: 192.725 GC heap before
{Heap before GC invocations=59 (full 0):
 garbage-first heap   total 264192K, used 224854K [0x0000000080000000, 0x0000000100000000)
  region size 1024K, 113 young (115712K), 5 survivors (5120K)
 Metaspace       used 105541K, capacity 108114K, committed 108372K, reserved 1142784K
  class space    used 13201K, capacity 14130K, committed 14208K, reserved 1048576K
}
Event: 192.735 GC heap after
{Heap after GC invocations=60 (full 0):
 garbage-first heap   total 264192K, used 115410K [0x0000000080000000, 0x0000000100000000)
  region size 1024K, 6 young (6144K), 6 survivors (6144K)
 Metaspace       used 105541K, capacity 108114K, committed 108372K, reserved 1142784K
  class space    used 13201K, capacity 14130K, committed 14208K, reserved 1048576K
}
Event: 194.001 GC heap before
{Heap before GC invocations=60 (full 0):
 garbage-first heap   total 264192K, used 228050K [0x0000000080000000, 0x0000000100000000)
  region size 1024K, 114 young (116736K), 6 survivors (6144K)
 Metaspace       used 105799K, capacity 108434K, committed 108628K, reserved 1144832K
  class space    used 13220K, capacity 14130K, committed 14208K, reserved 1048576K
}
Event: 194.014 GC heap after
{Heap after GC invocations=61 (full 0):
 garbage-first heap   total 264192K, used 116606K [0x0000000080000000, 0x0000000100000000)
  region size 1024K, 7 young (7168K), 7 survivors (7168K)
 Metaspace       used 105799K, capacity 108434K, committed 108628K, reserved 1144832K
  class space    used 13220K, capacity 14130K, committed 14208K, reserved 1048576K
}
Event: 194.926 GC heap before
{Heap before GC invocations=61 (full 0):
 garbage-first heap   total 264192K, used 226174K [0x0000000080000000, 0x0000000100000000)
  region size 1024K, 114 young (116736K), 7 survivors (7168K)
 Metaspace       used 105814K, capacity 108434K, committed 108628K, reserved 1144832K
  class space    used 13221K, capacity 14130K, committed 14208K, reserved 1048576K
}
Event: 194.945 GC heap after
{Heap after GC invocations=62 (full 0):
 garbage-first heap   total 264192K, used 117238K [0x0000000080000000, 0x0000000100000000)
  region size 1024K, 8 young (8192K), 8 survivors (8192K)
 Metaspace       used 105814K, capacity 108434K, committed 108628K, reserved 1144832K
  class space    used 13221K, capacity 14130K, committed 14208K, reserved 1048576K
}
Event: 196.674 GC heap before
{Heap before GC invocations=62 (full 0):
 garbage-first heap   total 264192K, used 227830K [0x0000000080000000, 0x0000000100000000)
  region size 1024K, 116 young (118784K), 8 survivors (8192K)
 Metaspace       used 111505K, capacity 114189K, committed 114388K, reserved 1148928K
  class space    used 14008K, capacity 14992K, committed 15104K, reserved 1048576K
}

